#
# There is insufficient memory for the Java Runtime Environment to continue.
# Cannot create GC thread. Out of system resources.
# Possible reasons:
#   The system is out of physical RAM or swap space
#   In 32 bit mode, the process size limit was hit
# Possible solutions:
#   Reduce memory load on the system
#   Increase physical memory or swap space
#   Check if swap backing store is full
#   Use 64 bit Java on a 64 bit OS
#   Decrease Java heap size (-Xmx/-Xms)
#   Decrease number of Java threads
#   Decrease Java thread stack sizes (-Xss)
#   Set larger code cache with -XX:ReservedCodeCacheSize=
# This output file may be truncated or incomplete.
#
#  Out of Memory Error (gcTaskThread.cpp:48), pid=27005, tid=140263006078720
#
# JRE version:  (8.0_71-b15) (build )
# Java VM: OpenJDK 64-Bit Server VM (25.71-b15 mixed mode linux-amd64 compressed oops)
# Failed to write core dump. Core dumps have been disabled. To enable core dumping, try "ulimit -c unlimited" before starting Java again
#

---------------  T H R E A D  ---------------

Current thread (0x00007f9180008000):  JavaThread "Unknown thread" [_thread_in_vm, id=27008, stack(0x00007f9186970000,0x00007f9186a71000)]

Stack: [0x00007f9186970000,0x00007f9186a71000],  sp=0x00007f9186a6f5b0,  free space=1021k
Native frames: (J=compiled Java code, j=interpreted, Vv=VM code, C=native code)
V  [libjvm.so+0xa2749e]
V  [libjvm.so+0x4d68d9]
V  [libjvm.so+0x5a3677]
V  [libjvm.so+0x5a25cd]
V  [libjvm.so+0x8b9c0b]
V  [libjvm.so+0x9f2321]
V  [libjvm.so+0x9f387e]
V  [libjvm.so+0x602255]
V  [libjvm.so+0x9da377]
V  [libjvm.so+0x666ef1]  JNI_CreateJavaVM+0x71
C  [libjli.so+0x3447]
C  [libpthread.so.0+0x7aa1]


---------------  P R O C E S S  ---------------

Java Threads: ( => current thread )

Other Threads:

=>0x00007f9180008000 (exited) JavaThread "Unknown thread" [_thread_in_vm, id=27008, stack(0x00007f9186970000,0x00007f9186a71000)]

VM state:not at safepoint (not fully initialized)

VM Mutex/Monitor currently owned by a thread: None

GC Heap History (0 events):
No events

Deoptimization events (0 events):
No events

Internal exceptions (0 events):
No events

Events (0 events):
No events


Dynamic libraries:
00400000-00401000 r-xp 00000000 08:03 1345431                            /usr/lib/jvm/java-1.8.0-openjdk-1.8.0.71-1.b15.el6_7.x86_64/bin/java
00600000-00602000 rw-p 00000000 08:03 1345431                            /usr/lib/jvm/java-1.8.0-openjdk-1.8.0.71-1.b15.el6_7.x86_64/bin/java
01f29000-01f4a000 rw-p 00000000 00:00 0                                  [heap]
6c6a00000-6d1100000 rw-p 00000000 00:00 0 
6d1100000-76ce00000 ---p 00000000 00:00 0 
76ce00000-772100000 rw-p 00000000 00:00 0 
772100000-7c0000000 ---p 00000000 00:00 0 
3bbdc00000-3bbdc20000 r-xp 00000000 08:03 522258                         /lib64/ld-2.12.so
3bbde1f000-3bbde20000 r--p 0001f000 08:03 522258                         /lib64/ld-2.12.so
3bbde20000-3bbde21000 rw-p 00020000 08:03 522258                         /lib64/ld-2.12.so
3bbde21000-3bbde22000 rw-p 00000000 00:00 0 
3bbe000000-3bbe18a000 r-xp 00000000 08:03 522268                         /lib64/libc-2.12.so
3bbe18a000-3bbe38a000 ---p 0018a000 08:03 522268                         /lib64/libc-2.12.so
3bbe38a000-3bbe38e000 r--p 0018a000 08:03 522268                         /lib64/libc-2.12.so
3bbe38e000-3bbe38f000 rw-p 0018e000 08:03 522268                         /lib64/libc-2.12.so
3bbe38f000-3bbe394000 rw-p 00000000 00:00 0 
3bbe400000-3bbe402000 r-xp 00000000 08:03 522478                         /lib64/libdl-2.12.so
3bbe402000-3bbe602000 ---p 00002000 08:03 522478                         /lib64/libdl-2.12.so
3bbe602000-3bbe603000 r--p 00002000 08:03 522478                         /lib64/libdl-2.12.so
3bbe603000-3bbe604000 rw-p 00003000 08:03 522478                         /lib64/libdl-2.12.so
3bbe800000-3bbe817000 r-xp 00000000 08:03 522477                         /lib64/libpthread-2.12.so
3bbe817000-3bbea17000 ---p 00017000 08:03 522477                         /lib64/libpthread-2.12.so
3bbea17000-3bbea18000 r--p 00017000 08:03 522477                         /lib64/libpthread-2.12.so
3bbea18000-3bbea19000 rw-p 00018000 08:03 522477                         /lib64/libpthread-2.12.so
3bbea19000-3bbea1d000 rw-p 00000000 00:00 0 
3bbec00000-3bbec0d000 r-xp 00000000 08:03 1345294                        /usr/lib/jvm/java-1.8.0-openjdk-1.8.0.71-1.b15.el6_7.x86_64/lib/amd64/jli/libjli.so
3bbec0d000-3bbee0d000 ---p 0000d000 08:03 1345294                        /usr/lib/jvm/java-1.8.0-openjdk-1.8.0.71-1.b15.el6_7.x86_64/lib/amd64/jli/libjli.so
3bbee0d000-3bbee0e000 rw-p 0000d000 08:03 1345294                        /usr/lib/jvm/java-1.8.0-openjdk-1.8.0.71-1.b15.el6_7.x86_64/lib/amd64/jli/libjli.so
3bbf000000-3bbf015000 r-xp 00000000 08:03 522493                         /lib64/libz.so.1.2.3
3bbf015000-3bbf214000 ---p 00015000 08:03 522493                         /lib64/libz.so.1.2.3
3bbf214000-3bbf215000 r--p 00014000 08:03 522493                         /lib64/libz.so.1.2.3
3bbf215000-3bbf216000 rw-p 00015000 08:03 522493                         /lib64/libz.so.1.2.3
3bbf400000-3bbf407000 r-xp 00000000 08:03 522480                         /lib64/librt-2.12.so
3bbf407000-3bbf606000 ---p 00007000 08:03 522480                         /lib64/librt-2.12.so
3bbf606000-3bbf607000 r--p 00006000 08:03 522480                         /lib64/librt-2.12.so
3bbf607000-3bbf608000 rw-p 00007000 08:03 522480                         /lib64/librt-2.12.so
3bc1800000-3bc1816000 r-xp 00000000 08:03 522633                         /lib64/libgcc_s-4.4.7-20120601.so.1
3bc1816000-3bc1a15000 ---p 00016000 08:03 522633                         /lib64/libgcc_s-4.4.7-20120601.so.1
3bc1a15000-3bc1a16000 rw-p 00015000 08:03 522633                         /lib64/libgcc_s-4.4.7-20120601.so.1
3bc4c00000-3bc4ce8000 r-xp 00000000 08:03 861760                         /usr/lib64/libstdc++.so.6.0.13
3bc4ce8000-3bc4ee8000 ---p 000e8000 08:03 861760                         /usr/lib64/libstdc++.so.6.0.13
3bc4ee8000-3bc4eef000 r--p 000e8000 08:03 861760                         /usr/lib64/libstdc++.so.6.0.13
3bc4eef000-3bc4ef1000 rw-p 000ef000 08:03 861760                         /usr/lib64/libstdc++.so.6.0.13
3bc4ef1000-3bc4f06000 rw-p 00000000 00:00 0 
7f9171000000-7f9171270000 rwxp 00000000 00:00 0 
7f9171270000-7f9180000000 ---p 00000000 00:00 0 
7f9180000000-7f9180035000 rw-p 00000000 00:00 0 
7f9180035000-7f9184000000 ---p 00000000 00:00 0 
7f918506e000-7f918506f000 ---p 00000000 00:00 0 
7f918506f000-7f918516f000 rw-p 00000000 00:00 0 
7f918516f000-7f9185170000 ---p 00000000 00:00 0 
7f9185170000-7f91852c4000 rw-p 00000000 00:00 0 
7f91852c4000-7f91857a2000 ---p 00000000 00:00 0 
7f91857a2000-7f91857f6000 rw-p 00000000 00:00 0 
7f91857f6000-7f9185cd4000 ---p 00000000 00:00 0 
7f9185cd4000-7f9185cfe000 rw-p 00000000 00:00 0 
7f9185cfe000-7f9185f6d000 ---p 00000000 00:00 0 
7f9185f6d000-7f9185f78000 rw-p 00000000 00:00 0 
7f9185f78000-7f918632e000 ---p 00000000 00:00 0 
7f918632e000-7f9186336000 r-xp 00000000 08:03 1351667                    /usr/lib/jvm/java-1.8.0-openjdk-1.8.0.71-1.b15.el6_7.x86_64/jre/lib/amd64/libzip.so
7f9186336000-7f9186535000 ---p 00008000 08:03 1351667                    /usr/lib/jvm/java-1.8.0-openjdk-1.8.0.71-1.b15.el6_7.x86_64/jre/lib/amd64/libzip.so
7f9186535000-7f9186536000 rw-p 00007000 08:03 1351667                    /usr/lib/jvm/java-1.8.0-openjdk-1.8.0.71-1.b15.el6_7.x86_64/jre/lib/amd64/libzip.so
7f9186536000-7f9186560000 r-xp 00000000 08:03 1351650                    /usr/lib/jvm/java-1.8.0-openjdk-1.8.0.71-1.b15.el6_7.x86_64/jre/lib/amd64/libjava.so
7f9186560000-7f918675f000 ---p 0002a000 08:03 1351650                    /usr/lib/jvm/java-1.8.0-openjdk-1.8.0.71-1.b15.el6_7.x86_64/jre/lib/amd64/libjava.so
7f918675f000-7f9186761000 rw-p 00029000 08:03 1351650                    /usr/lib/jvm/java-1.8.0-openjdk-1.8.0.71-1.b15.el6_7.x86_64/jre/lib/amd64/libjava.so
7f9186761000-7f918676e000 r-xp 00000000 08:03 1351666                    /usr/lib/jvm/java-1.8.0-openjdk-1.8.0.71-1.b15.el6_7.x86_64/jre/lib/amd64/libverify.so
7f918676e000-7f918696e000 ---p 0000d000 08:03 1351666                    /usr/lib/jvm/java-1.8.0-openjdk-1.8.0.71-1.b15.el6_7.x86_64/jre/lib/amd64/libverify.so
7f918696e000-7f9186970000 rw-p 0000d000 08:03 1351666                    /usr/lib/jvm/java-1.8.0-openjdk-1.8.0.71-1.b15.el6_7.x86_64/jre/lib/amd64/libverify.so
7f9186970000-7f9186973000 ---p 00000000 00:00 0 
7f9186973000-7f9186a71000 rw-p 00000000 00:00 0 
7f9186a71000-7f9186af4000 r-xp 00000000 08:03 522270                     /lib64/libm-2.12.so
7f9186af4000-7f9186cf3000 ---p 00083000 08:03 522270                     /lib64/libm-2.12.so
7f9186cf3000-7f9186cf4000 r--p 00082000 08:03 522270                     /lib64/libm-2.12.so
7f9186cf4000-7f9186cf5000 rw-p 00083000 08:03 522270                     /lib64/libm-2.12.so
7f9186cf5000-7f9187917000 r-xp 00000000 08:03 1351671                    /usr/lib/jvm/java-1.8.0-openjdk-1.8.0.71-1.b15.el6_7.x86_64/jre/lib/amd64/server/libjvm.so
7f9187917000-7f9187b17000 ---p 00c22000 08:03 1351671                    /usr/lib/jvm/java-1.8.0-openjdk-1.8.0.71-1.b15.el6_7.x86_64/jre/lib/amd64/server/libjvm.so
7f9187b17000-7f9187be5000 rw-p 00c22000 08:03 1351671                    /usr/lib/jvm/java-1.8.0-openjdk-1.8.0.71-1.b15.el6_7.x86_64/jre/lib/amd64/server/libjvm.so
7f9187be5000-7f9187c18000 rw-p 00000000 00:00 0 
7f9187c4a000-7f9187c4d000 rw-p 00000000 00:00 0 
7f9187c4d000-7f9187c55000 rw-s 00000000 08:04 50856051                   /scratch/tmp/hsperfdata_flycktm/27005
7f9187c55000-7f9187c8a000 r--s 00000000 08:03 950898                     /var/run/nscd/dbuRgO6a (deleted)
7f9187c8a000-7f9187c8b000 rw-p 00000000 00:00 0 
7f9187c8b000-7f9187c8c000 r--p 00000000 00:00 0 
7f9187c8c000-7f9187c8d000 rw-p 00000000 00:00 0 
7ffdf6e27000-7ffdf6e3c000 rw-p 00000000 00:00 0                          [stack]
7ffdf6f50000-7ffdf6f51000 r-xp 00000000 00:00 0                          [vdso]
ffffffffff600000-ffffffffff601000 r-xp 00000000 00:00 0                  [vsyscall]

VM Arguments:
jvm_args: -Dclassworlds.conf=/chalmers/users/flycktm/netbeans-8.1/java/maven/bin/m2.conf -Dmaven.home=/chalmers/users/flycktm/netbeans-8.1/java/maven 
java_command: org.codehaus.plexus.classworlds.launcher.Launcher -Dmaven.ext.class.path=/chalmers/users/flycktm/netbeans-8.1/java/maven-nblib/netbeans-eventspy.jar clean install
java_class_path (initial): /chalmers/users/flycktm/netbeans-8.1/java/maven/boot/plexus-classworlds-2.4.jar
Launcher Type: SUN_STANDARD

Environment Variables:
JAVA_HOME=/usr/lib/jvm/java-1.8.0
PATH=/chalmers/users/flycktm/.vcs4/select:/chalmers/sw/vcs/core/bin:/chalmers/sw/sup64/phc/b/binh:/chalmers/sw/sup/phc/b/binh:/bin:/usr/bin:/usr/sbin:/usr/kerberos/bin:/usr/X11R6/bin:/usr/local/bin:/chalmers/sw/sup64/phc/b/binl:/chalmers/sw/sup/phc/b/binl
USERNAME=flycktm
LD_LIBRARY_PATH=/usr/lib/jvm/java-1.8.0/jre/lib/amd64:/usr/lib/jvm/java-1.8.0/jre/lib/i386:/
SHELL=/bin/bash
DISPLAY=:0.0

Signal Handlers:
SIGSEGV: [libjvm.so+0xa27e70], sa_mask[0]=11111111011111111101111111111110, sa_flags=SA_RESTART|SA_SIGINFO
SIGBUS: [libjvm.so+0xa27e70], sa_mask[0]=11111111011111111101111111111110, sa_flags=SA_RESTART|SA_SIGINFO
SIGFPE: [libjvm.so+0x8973e0], sa_mask[0]=11111111011111111101111111111110, sa_flags=SA_RESTART|SA_SIGINFO
SIGPIPE: [libjvm.so+0x8973e0], sa_mask[0]=11111111011111111101111111111110, sa_flags=SA_RESTART|SA_SIGINFO
SIGXFSZ: [libjvm.so+0x8973e0], sa_mask[0]=11111111011111111101111111111110, sa_flags=SA_RESTART|SA_SIGINFO
SIGILL: [libjvm.so+0x8973e0], sa_mask[0]=11111111011111111101111111111110, sa_flags=SA_RESTART|SA_SIGINFO
SIGUSR1: SIG_DFL, sa_mask[0]=00000000000000000000000000000000, sa_flags=none
SIGUSR2: [libjvm.so+0x8988c0], sa_mask[0]=00100000000000000000000000000000, sa_flags=SA_RESTART|SA_SIGINFO
SIGHUP: SIG_DFL, sa_mask[0]=00000000000000000000000000000000, sa_flags=none
SIGINT: SIG_IGN, sa_mask[0]=00000000000000000000000000000000, sa_flags=none
SIGTERM: SIG_DFL, sa_mask[0]=00000000000000000000000000000000, sa_flags=none
SIGQUIT: SIG_DFL, sa_mask[0]=00000000000000000000000000000000, sa_flags=none


---------------  S Y S T E M  ---------------

OS:Red Hat Enterprise Linux Workstation release 6.6 (Santiago)

uname:Linux 2.6.32-573.18.1.el6.x86_64 #1 SMP Wed Jan 6 11:20:49 EST 2016 x86_64
libc:glibc 2.12 NPTL 2.12 
rlimit: STACK 10240k, CORE 0k, NPROC 500, NOFILE 4096, AS infinity
load average:0.35 0.36 0.27

/proc/meminfo:
MemTotal:       16341736 kB
MemFree:         9260596 kB
Buffers:          182508 kB
Cached:          2340012 kB
SwapCached:            0 kB
Active:          4981108 kB
Inactive:        1644260 kB
Active(anon):    4101160 kB
Inactive(anon):   218584 kB
Active(file):     879948 kB
Inactive(file):  1425676 kB
Unevictable:          16 kB
Mlocked:              16 kB
SwapTotal:       7812092 kB
SwapFree:        7812092 kB
Dirty:               196 kB
Writeback:             0 kB
AnonPages:       4100924 kB
Mapped:           489636 kB
Shmem:            216904 kB
Slab:             180456 kB
SReclaimable:     105816 kB
SUnreclaim:        74640 kB
KernelStack:       13632 kB
PageTables:        65328 kB
NFS_Unstable:         52 kB
Bounce:                0 kB
WritebackTmp:          0 kB
CommitLimit:    15982960 kB
Committed_AS:   10726356 kB
VmallocTotal:   34359738367 kB
VmallocUsed:      152572 kB
VmallocChunk:   34359576060 kB
HardwareCorrupted:     0 kB
AnonHugePages:   1863680 kB
HugePages_Total:       0
HugePages_Free:        0
HugePages_Rsvd:        0
HugePages_Surp:        0
Hugepagesize:       2048 kB
DirectMap4k:      262144 kB
DirectMap2M:     9125888 kB
DirectMap1G:     7340032 kB


CPU:total 4 (4 cores per cpu, 1 threads per core) family 6 model 60 stepping 3, cmov, cx8, fxsr, mmx, sse, sse2, sse3, ssse3, sse4.1, sse4.2, popcnt, avx, avx2, aes, clmul, erms, rtm, lzcnt, tsc, tscinvbit, bmi1, bmi2

/proc/cpuinfo:
processor	: 0
vendor_id	: GenuineIntel
cpu family	: 6
model		: 60
model name	: Intel(R) Core(TM) i5-4570S CPU @ 2.90GHz
stepping	: 3
microcode	: 26
cpu MHz		: 2901.000
cache size	: 6144 KB
physical id	: 0
siblings	: 4
core id		: 0
cpu cores	: 4
apicid		: 0
initial apicid	: 0
fpu		: yes
fpu_exception	: yes
cpuid level	: 13
wp		: yes
flags		: fpu vme de pse tsc msr pae mce cx8 apic sep mtrr pge mca cmov pat pse36 clflush dts acpi mmx fxsr sse sse2 ss ht tm pbe syscall nx pdpe1gb rdtscp lm constant_tsc arch_perfmon pebs bts rep_good xtopology nonstop_tsc aperfmperf pni pclmulqdq dtes64 monitor ds_cpl vmx smx est tm2 ssse3 fma cx16 xtpr pdcm pcid sse4_1 sse4_2 x2apic movbe popcnt tsc_deadline_timer aes xsave avx f16c rdrand lahf_lm abm ida arat epb xsaveopt pln pts dts tpr_shadow vnmi flexpriority ept vpid fsgsbase bmi1 hle avx2 smep bmi2 erms invpcid rtm
bogomips	: 5786.04
clflush size	: 64
cache_alignment	: 64
address sizes	: 39 bits physical, 48 bits virtual
power management:

processor	: 1
vendor_id	: GenuineIntel
cpu family	: 6
model		: 60
model name	: Intel(R) Core(TM) i5-4570S CPU @ 2.90GHz
stepping	: 3
microcode	: 26
cpu MHz		: 2400.000
cache size	: 6144 KB
physical id	: 0
siblings	: 4
core id		: 1
cpu cores	: 4
apicid		: 2
initial apicid	: 2
fpu		: yes
fpu_exception	: yes
cpuid level	: 13
wp		: yes
flags		: fpu vme de pse tsc msr pae mce cx8 apic sep mtrr pge mca cmov pat pse36 clflush dts acpi mmx fxsr sse sse2 ss ht tm pbe syscall nx pdpe1gb rdtscp lm constant_tsc arch_perfmon pebs bts rep_good xtopology nonstop_tsc aperfmperf pni pclmulqdq dtes64 monitor ds_cpl vmx smx est tm2 ssse3 fma cx16 xtpr pdcm pcid sse4_1 sse4_2 x2apic movbe popcnt tsc_deadline_timer aes xsave avx f16c rdrand lahf_lm abm ida arat epb xsaveopt pln pts dts tpr_shadow vnmi flexpriority ept vpid fsgsbase bmi1 hle avx2 smep bmi2 erms invpcid rtm
bogomips	: 5786.04
clflush size	: 64
cache_alignment	: 64
address sizes	: 39 bits physical, 48 bits virtual
power management:

processor	: 2
vendor_id	: GenuineIntel
cpu family	: 6
model		: 60
model name	: Intel(R) Core(TM) i5-4570S CPU @ 2.90GHz
stepping	: 3
microcode	: 26
cpu MHz		: 1700.000
cache size	: 6144 KB
physical id	: 0
siblings	: 4
core id		: 2
cpu cores	: 4
apicid		: 4
initial apicid	: 4
fpu		: yes
fpu_exception	: yes
cpuid level	: 13
wp		: yes
flags		: fpu vme de pse tsc msr pae mce cx8 apic sep mtrr pge mca cmov pat pse36 clflush dts acpi mmx fxsr sse sse2 ss ht tm pbe syscall nx pdpe1gb rdtscp lm constant_tsc arch_perfmon pebs bts rep_good xtopology nonstop_tsc aperfmperf pni pclmulqdq dtes64 monitor ds_cpl vmx smx est tm2 ssse3 fma cx16 xtpr pdcm pcid sse4_1 sse4_2 x2apic movbe popcnt tsc_deadline_timer aes xsave avx f16c rdrand lahf_lm abm ida arat epb xsaveopt pln pts dts tpr_shadow vnmi flexpriority ept vpid fsgsbase bmi1 hle avx2 smep bmi2 erms invpcid rtm
bogomips	: 5786.04
clflush size	: 64
cache_alignment	: 64
address sizes	: 39 bits physical, 48 bits virtual
power management:

processor	: 3
vendor_id	: GenuineIntel
cpu family	: 6
model		: 60
model name	: Intel(R) Core(TM) i5-4570S CPU @ 2.90GHz
stepping	: 3
microcode	: 26
cpu MHz		: 2400.000
cache size	: 6144 KB
physical id	: 0
siblings	: 4
core id		: 3
cpu cores	: 4
apicid		: 6
initial apicid	: 6
fpu		: yes
fpu_exception	: yes
cpuid level	: 13
wp		: yes
flags		: fpu vme de pse tsc msr pae mce cx8 apic sep mtrr pge mca cmov pat pse36 clflush dts acpi mmx fxsr sse sse2 ss ht tm pbe syscall nx pdpe1gb rdtscp lm constant_tsc arch_perfmon pebs bts rep_good xtopology nonstop_tsc aperfmperf pni pclmulqdq dtes64 monitor ds_cpl vmx smx est tm2 ssse3 fma cx16 xtpr pdcm pcid sse4_1 sse4_2 x2apic movbe popcnt tsc_deadline_timer aes xsave avx f16c rdrand lahf_lm abm ida arat epb xsaveopt pln pts dts tpr_shadow vnmi flexpriority ept vpid fsgsbase bmi1 hle avx2 smep bmi2 erms invpcid rtm
bogomips	: 5786.04
clflush size	: 64
cache_alignment	: 64
address sizes	: 39 bits physical, 48 bits virtual
power management:



Memory: 4k page, physical 16341736k(9260596k free), swap 7812092k(7812092k free)

vm_info: OpenJDK 64-Bit Server VM (25.71-b15) for linux-amd64 JRE (1.8.0_71-b15), built on Jan 13 2016 21:08:08 by "mockbuild" with gcc 4.4.7 20120313 (Red Hat 4.4.7-16)

time: Mon Feb 29 15:16:49 2016
elapsed time: 0 seconds (0d 0h 0m 0s)

